Platanus version: 1.2.4
platanus assemble -o Poil -f sub1.fastq.trimmed sub2.fastq.trimmed 

K = 32, saving kmers from reads...
AVE_READ_LEN=97.5779

KMER_EXTENSION:
K=32, KMER_COVERAGE=159.939 (>= 31), COVERAGE_CUTOFF=31
K=42, KMER_COVERAGE=135.917, COVERAGE_CUTOFF=31, PROB_SPLIT=10e-inf
K=52, KMER_COVERAGE=111.894, COVERAGE_CUTOFF=31, PROB_SPLIT=10e-inf
K=62, KMER_COVERAGE=87.8707, COVERAGE_CUTOFF=31, PROB_SPLIT=10e-11.051
K=72, KMER_COVERAGE=63.8478, COVERAGE_CUTOFF=18, PROB_SPLIT=10e-10.4197
K=82, KMER_COVERAGE=39.8249, COVERAGE_CUTOFF=6, PROB_SPLIT=10e-10.2762
K=86, KMER_COVERAGE=30.2157, COVERAGE_CUTOFF=2, PROB_SPLIT=10e-10.9292
K=87, KMER_COVERAGE=27.8134, COVERAGE_CUTOFF=2, PROB_SPLIT=10e-10.3186
loading kmers...
connecting kmers...
removing branches...
BRANCH_DELETE_THRESHOLD=0.5
NUM_CUT=71
NUM_CUT=0
TOTAL_NUM_CUT=71
mapping reads on de Bruijn Graph nodes...
TOTAL_MAPPED_READS=8642413
TOTAL_UNMAPPED_READS=943033
TOTAL_SHORT_READS(<32)=41929
NUM_DELETE_NODE(reads are unmapped)=78
NUM_CUT_NODE=22
extracting reads (containing kmer used in contig assemble)...
K = 42, loading kmers from contigs...
K = 42, saving additional kmers(not found in contigs) from reads...
COVERAGE_CUTOFF = 31
loading kmers...
connecting kmers...
removing branches...
BRANCH_DELETE_THRESHOLD=0.5
NUM_CUT=9
NUM_CUT=0
TOTAL_NUM_CUT=9
mapping reads on de Bruijn Graph nodes...
TOTAL_MAPPED_READS=8588606
TOTAL_UNMAPPED_READS=934592
TOTAL_SHORT_READS(<42)=104177
NUM_DELETE_NODE(reads are unmapped)=16
NUM_CUT_NODE=6
extracting reads (containing kmer used in contig assemble)...
K = 52, loading kmers from contigs...
K = 52, saving additional kmers(not found in contigs) from reads...
COVERAGE_CUTOFF = 31
loading kmers...
connecting kmers...
removing branches...
BRANCH_DELETE_THRESHOLD=0.5
NUM_CUT=9
NUM_CUT=0
TOTAL_NUM_CUT=9
mapping reads on de Bruijn Graph nodes...
TOTAL_MAPPED_READS=8529353
TOTAL_UNMAPPED_READS=924130
TOTAL_SHORT_READS(<52)=173892
NUM_DELETE_NODE(reads are unmapped)=8
NUM_CUT_NODE=6
extracting reads (containing kmer used in contig assemble)...
K = 62, loading kmers from contigs...
K = 62, saving additional kmers(not found in contigs) from reads...
COVERAGE_CUTOFF = 31
loading kmers...
connecting kmers...
removing branches...
BRANCH_DELETE_THRESHOLD=0.5
NUM_CUT=9
NUM_CUT=0
TOTAL_NUM_CUT=9
mapping reads on de Bruijn Graph nodes...
TOTAL_MAPPED_READS=8458808
TOTAL_UNMAPPED_READS=908003
TOTAL_SHORT_READS(<62)=260564
NUM_DELETE_NODE(reads are unmapped)=5
NUM_CUT_NODE=6
extracting reads (containing kmer used in contig assemble)...
K = 72, loading kmers from contigs...
K = 72, saving additional kmers(not found in contigs) from reads...
COVERAGE_CUTOFF = 18
loading kmers...
connecting kmers...
removing branches...
BRANCH_DELETE_THRESHOLD=0.5
NUM_CUT=20
NUM_CUT=0
TOTAL_NUM_CUT=20
mapping reads on de Bruijn Graph nodes...
TOTAL_MAPPED_READS=8360905
TOTAL_UNMAPPED_READS=883334
TOTAL_SHORT_READS(<72)=383136
NUM_DELETE_NODE(reads are unmapped)=8
NUM_CUT_NODE=8
extracting reads (containing kmer used in contig assemble)...
K = 82, loading kmers from contigs...
K = 82, saving additional kmers(not found in contigs) from reads...
COVERAGE_CUTOFF = 6
loading kmers...
connecting kmers...
removing branches...
BRANCH_DELETE_THRESHOLD=0.5
NUM_CUT=81
NUM_CUT=0
TOTAL_NUM_CUT=81
mapping reads on de Bruijn Graph nodes...
TOTAL_MAPPED_READS=8212726
TOTAL_UNMAPPED_READS=843992
TOTAL_SHORT_READS(<82)=570657
NUM_DELETE_NODE(reads are unmapped)=23
NUM_CUT_NODE=19
extracting reads (containing kmer used in contig assemble)...
K = 86, loading kmers from contigs...
K = 86, saving additional kmers(not found in contigs) from reads...
COVERAGE_CUTOFF = 2
loading kmers...
connecting kmers...
removing branches...
BRANCH_DELETE_THRESHOLD=0.5
NUM_CUT=226
NUM_CUT=0
TOTAL_NUM_CUT=226
mapping reads on de Bruijn Graph nodes...
TOTAL_MAPPED_READS=8123650
TOTAL_UNMAPPED_READS=820974
TOTAL_SHORT_READS(<86)=682751
NUM_DELETE_NODE(reads are unmapped)=34
NUM_CUT_NODE=40
extracting reads (containing kmer used in contig assemble)...
K = 87, loading kmers from contigs...
K = 87, saving additional kmers(not found in contigs) from reads...
COVERAGE_CUTOFF = 2
loading kmers...
connecting kmers...
removing branches...
BRANCH_DELETE_THRESHOLD=0.5
NUM_CUT=138
NUM_CUT=0
TOTAL_NUM_CUT=138
LENGTH_CUTOFF = 174
COVERAGE_CUTOFF = 3
removing erroneous nodes...
NUM_REMOVED_NODES=8
NUM_REMOVED_NODES=2
NUM_REMOVED_NODES=0
TOTAL_NUM_REMOVED_NODES=10
AVE_KMER_COV_REMOVING_BUBBLE=27.7704
removing bubbles...
BUBBLE_IDENTITY_THRESHOLD=0.1
NUM_REMOVED_BUBBLES=0
TOTAL_NUM_REMOVED_BUBBLES=0
mapping reads on de Bruijn Graph nodes...
TOTAL_MAPPED_READS=8096571
TOTAL_UNMAPPED_READS=814387
TOTAL_SHORT_READS(<87)=716417
NUM_DELETE_NODE(reads are unmapped)=0
NUM_CUT_NODE=13
assemble completed!

#### PROCESS INFORMATION ####
VmPeak:          14.202 GByte
VmHWM:            4.649 GByte
