This is pdfTeX, Version 3.14159265-2.6-1.40.21 (MiKTeX 2.9.7400 64-bit) (preloaded format=pdflatex 2020.5.4)  24 SEP 2020 00:37
entering extended mode
**./notes.tex
(notes.tex
LaTeX2e <2020-02-02> patch level 5
! Undefined control sequence.
l.1 \includepdf
               {Tasks/Probl-manif1}
The control sequence at the end of the top line
of your error message was never \def'ed. If you have
misspelled it (e.g., `\hobx'), type `I' and the correct
spelling (e.g., `I\hbox'). Otherwise just continue,
and I'll forget about whatever was undefined.


! LaTeX Error: Missing \begin{document}.

See the LaTeX manual or LaTeX Companion for explanation.
Type  H <return>  for immediate help.
 ...                                              
                                                  
l.1 \includepdf{T
                 asks/Probl-manif1}
You're in trouble here.  Try typing  <return>  to proceed.
If that doesn't work, type  X <return>  to quit.

Missing character: There is no T in font nullfont!
Missing character: There is no a in font nullfont!
Missing character: There is no s in font nullfont!
Missing character: There is no k in font nullfont!
Missing character: There is no s in font nullfont!
Missing character: There is no / in font nullfont!
Missing character: There is no P in font nullfont!
Missing character: There is no r in font nullfont!
Missing character: There is no o in font nullfont!
Missing character: There is no b in font nullfont!
Missing character: There is no l in font nullfont!
Missing character: There is no - in font nullfont!
Missing character: There is no m in font nullfont!
Missing character: There is no a in font nullfont!
Missing character: There is no n in font nullfont!
Missing character: There is no i in font nullfont!
Missing character: There is no f in font nullfont!
Missing character: There is no 1 in font nullfont!

Overfull \hbox (20.0pt too wide) in paragraph at lines 1--2
[] 
 []


! LaTeX Error: The font size command \normalsize is not defined:
               there is probably something wrong with the class file.

See the LaTeX manual or LaTeX Companion for explanation.
Type  H <return>  for immediate help.
 ...                                              
                                                  
l.2 \newpage
            
Your command was ignored.
Type  I <command> <return>  to replace it with another command,
or  <return>  to continue without it.

[1]
! Undefined control sequence.
l.3 \section
            *{–†–µ—à–µ–Ω–∏—è}
The control sequence at the end of the top line
of your error message was never \def'ed. If you have
misspelled it (e.g., `\hobx'), type `I' and the correct
spelling (e.g., `I\hbox'). Otherwise just continue,
and I'll forget about whatever was undefined.


! LaTeX Error: Missing \begin{document}.

See the LaTeX manual or LaTeX Companion for explanation.
Type  H <return>  for immediate help.
 ...                                              
                                                  
l.3 \section*
             {–†–µ—à–µ–Ω–∏—è}
You're in trouble here.  Try typing  <return>  to proceed.
If that doesn't work, type  X <return>  to quit.

Missing character: There is no * in font nullfont!

! Package inputenc Error: Unicode character –† (U+0420)
(inputenc)                not set up for use with LaTeX.

See the inputenc package documentation for explanation.
Type  H <return>  for immediate help.
 ...                                              
                                                  
l.3 \section*{–†
                –µ—à–µ–Ω–∏—è}
You may provide a definition with
\DeclareUnicodeCharacter 


! Package inputenc Error: Unicode character –µ (U+0435)
(inputenc)                not set up for use with LaTeX.

See the inputenc package documentation for explanation.
Type  H <return>  for immediate help.
 ...                                              
                                                  
l.3 \section*{–†–µ
                  —à–µ–Ω–∏—è}
You may provide a definition with
\DeclareUnicodeCharacter 


! Package inputenc Error: Unicode character —à (U+0448)
(inputenc)                not set up for use with LaTeX.

See the inputenc package documentation for explanation.
Type  H <return>  for immediate help.
 ...                                              
                                                  
l.3 \section*{–†–µ—à
                    –µ–Ω–∏—è}
You may provide a definition with
\DeclareUnicodeCharacter 


! Package inputenc Error: Unicode character –µ (U+0435)
(inputenc)                not set up for use with LaTeX.

See the inputenc package documentation for explanation.
Type  H <return>  for immediate help.
 ...                                              
                                                  
l.3 \section*{–†–µ—à–µ
                      –Ω–∏—è}
You may provide a definition with
\DeclareUnicodeCharacter 


! Package inputenc Error: Unicode character –Ω (U+043D)
(inputenc)                not set up for use with LaTeX.

See the inputenc package documentation for explanation.
Type  H <return>  for immediate help.
 ...                                              
                                                  
l.3 \section*{–†–µ—à–µ–Ω
                        –∏—è}
You may provide a definition with
\DeclareUnicodeCharacter 


! Package inputenc Error: Unicode character –∏ (U+0438)
(inputenc)                not set up for use with LaTeX.

See the inputenc package documentation for explanation.
Type  H <return>  for immediate help.
 ...                                              
                                                  
l.3 \section*{–†–µ—à–µ–Ω–∏
                          —è}
You may provide a definition with
\DeclareUnicodeCharacter 


! Package inputenc Error: Unicode character —è (U+044F)
(inputenc)                not set up for use with LaTeX.

See the inputenc package documentation for explanation.
Type  H <return>  for immediate help.
 ...                                              
                                                  
l.3 \section*{–†–µ—à–µ–Ω–∏—è
                            }
You may provide a definition with
\DeclareUnicodeCharacter 

! Undefined control sequence.
l.4 \subsection
               *{–ó–∞–¥–∞—á–∞ 1}
The control sequence at the end of the top line
of your error message was never \def'ed. If you have
misspelled it (e.g., `\hobx'), type `I' and the correct
spelling (e.g., `I\hbox'). Otherwise just continue,
and I'll forget about whatever was undefined.

Missing character: There is no * in font nullfont!

! Package inputenc Error: Unicode character –ó (U+0417)
(inputenc)                not set up for use with LaTeX.

See the inputenc package documentation for explanation.
Type  H <return>  for immediate help.
 ...                                              
                                                  
l.4 \subsection*{–ó
                   –∞–¥–∞—á–∞ 1}
You may provide a definition with
\DeclareUnicodeCharacter 


! Package inputenc Error: Unicode character –∞ (U+0430)
(inputenc)                not set up for use with LaTeX.

See the inputenc package documentation for explanation.
Type  H <return>  for immediate help.
 ...                                              
                                                  
l.4 \subsection*{–ó–∞
                     –¥–∞—á–∞ 1}
You may provide a definition with
\DeclareUnicodeCharacter 


! Package inputenc Error: Unicode character –¥ (U+0434)
(inputenc)                not set up for use with LaTeX.

See the inputenc package documentation for explanation.
Type  H <return>  for immediate help.
 ...                                              
                                                  
l.4 \subsection*{–ó–∞–¥
                       –∞—á–∞ 1}
You may provide a definition with
\DeclareUnicodeCharacter 


! Package inputenc Error: Unicode character –∞ (U+0430)
(inputenc)                not set up for use with LaTeX.

See the inputenc package documentation for explanation.
Type  H <return>  for immediate help.
 ...                                              
                                                  
l.4 \subsection*{–ó–∞–¥–∞
                         —á–∞ 1}
You may provide a definition with
\DeclareUnicodeCharacter 


! Package inputenc Error: Unicode character —á (U+0447)
(inputenc)                not set up for use with LaTeX.

See the inputenc package documentation for explanation.
Type  H <return>  for immediate help.
 ...                                              
                                                  
l.4 \subsection*{–ó–∞–¥–∞—á
                           –∞ 1}
You may provide a definition with
\DeclareUnicodeCharacter 


! Package inputenc Error: Unicode character –∞ (U+0430)
(inputenc)                not set up for use with LaTeX.

See the inputenc package documentation for explanation.
Type  H <return>  for immediate help.
 ...                                              
                                                  
l.4 \subsection*{–ó–∞–¥–∞—á–∞
                              1}
You may provide a definition with
\DeclareUnicodeCharacter 

Missing character: There is no 1 in font nullfont!

! LaTeX Error: Environment figure undefined.

See the LaTeX manual or LaTeX Companion for explanation.
Type  H <return>  for immediate help.
 ...                                              
                                                  
l.5 	\begin{figure}
                   [!h]
Your command was ignored.
Type  I <command> <return>  to replace it with another command,
or  <return>  to continue without it.

Missing character: There is no [ in font nullfont!
Missing character: There is no ! in font nullfont!
Missing character: There is no h in font nullfont!
Missing character: There is no ] in font nullfont!
! Undefined control sequence.
l.7 			\center\includegraphics
                              [width=0.75\linewidth]{Pic2}
The control sequence at the end of the top line
of your error message was never \def'ed. If you have
misspelled it (e.g., `\hobx'), type `I' and the correct
spelling (e.g., `I\hbox'). Otherwise just continue,
and I'll forget about whatever was undefined.

Missing character: There is no [ in font nullfont!
Missing character: There is no w in font nullfont!
Missing character: There is no i in font nullfont!
Missing character: There is no d in font nullfont!
Missing character: There is no t in font nullfont!
Missing character: There is no h in font nullfont!
Missing character: There is no = in font nullfont!
Missing character: There is no 0 in font nullfont!
Missing character: There is no . in font nullfont!
Missing character: There is no 7 in font nullfont!
Missing character: There is no 5 in font nullfont!
! Missing number, treated as zero.
<to be read again> 
                   ]
l.7 ...enter\includegraphics[width=0.75\linewidth]
                                                  {Pic2}
A number should have been here; I inserted `0'.
(If you can't figure out why I needed to see a number,
look up `weird error' in the index to The TeXbook.)

! Illegal unit of measure (pt inserted).
<to be read again> 
                   ]
l.7 ...enter\includegraphics[width=0.75\linewidth]
                                                  {Pic2}
Dimensions can be in units of em, ex, in, pt, pc,
cm, mm, dd, cc, nd, nc, bp, or sp; but yours is a new one!
I'll assume that you meant to say pt, for printer's points.
To recover gracefully from this error, it's best to
delete the erroneous units; e.g., type `2' to delete
two letters. (See Chapter 27 of The TeXbook.)

Missing character: There is no ] in font nullfont!
Missing character: There is no P in font nullfont!
Missing character: There is no i in font nullfont!
Missing character: There is no c in font nullfont!
Missing character: There is no 2 in font nullfont!
LaTeX Font Info:    External font `cmex10' loaded for size
(Font)              <7> on input line 8.
LaTeX Font Info:    External font `cmex10' loaded for size
(Font)              <5> on input line 8.
! Undefined control sequence.
l.10 			\center\includegraphics
                               [width=0.9\linewidth]{Pic3}
The control sequence at the end of the top line
of your error message was never \def'ed. If you have
misspelled it (e.g., `\hobx'), type `I' and the correct
spelling (e.g., `I\hbox'). Otherwise just continue,
and I'll forget about whatever was undefined.

Missing character: There is no [ in font nullfont!
Missing character: There is no w in font nullfont!
Missing character: There is no i in font nullfont!
Missing character: There is no d in font nullfont!
Missing character: There is no t in font nullfont!
Missing character: There is no h in font nullfont!
Missing character: There is no = in font nullfont!
Missing character: There is no 0 in font nullfont!
Missing character: There is no . in font nullfont!
Missing character: There is no 9 in font nullfont!
! Missing number, treated as zero.
<to be read again> 
                   ]
l.10 ...enter\includegraphics[width=0.9\linewidth]
                                                  {Pic3}
A number should have been here; I inserted `0'.
(If you can't figure out why I needed to see a number,
look up `weird error' in the index to The TeXbook.)

! Illegal unit of measure (pt inserted).
<to be read again> 
                   ]
l.10 ...enter\includegraphics[width=0.9\linewidth]
                                                  {Pic3}
Dimensions can be in units of em, ex, in, pt, pc,
cm, mm, dd, cc, nd, nc, bp, or sp; but yours is a new one!
I'll assume that you meant to say pt, for printer's points.
To recover gracefully from this error, it's best to
delete the erroneous units; e.g., type `2' to delete
two letters. (See Chapter 27 of The TeXbook.)

Missing character: There is no ] in font nullfont!
Missing character: There is no P in font nullfont!
Missing character: There is no i in font nullfont!
Missing character: There is no c in font nullfont!
Missing character: There is no 3 in font nullfont!

! LaTeX Error: \begin{document} ended by \end{figure}.

See the LaTeX manual or LaTeX Companion for explanation.
Type  H <return>  for immediate help.
 ...                                              
                                                  
l.12 	\end{figure}
                  
Your command was ignored.
Type  I <command> <return>  to replace it with another command,
or  <return>  to continue without it.


Overfull \hbox (20.0pt too wide) in paragraph at lines 3--13
[]
 []


! Package inputenc Error: Unicode character –° (U+0421)
(inputenc)                not set up for use with LaTeX.

See the inputenc package documentation for explanation.
Type  H <return>  for immediate help.
 ...                                              
                                                  
l.14 	–°
        –æ–ø–æ—Å—Ç–∞–≤–∏–º –∫–∞–∂–¥–æ–º—É —Ç—Ä–µ—É–≥–æ–ª—å–Ω–∏–∫—É —Ç–æ—á–∫—...

You may provide a definition with
\DeclareUnicodeCharacter 


! Package inputenc Error: Unicode character –æ (U+043E)
(inputenc)                not set up for use with LaTeX.

See the inputenc package documentation for explanation.
Type  H <return>  for immediate help.
 ...                                              
                                                  
l.14 	–°–æ
          –ø–æ—Å—Ç–∞–≤–∏–º –∫–∞–∂–¥–æ–º—É —Ç—Ä–µ—É–≥–æ–ª—å–Ω–∏–∫—É —Ç–æ—á–∫—...

You may provide a definition with
\DeclareUnicodeCharacter 


! Package inputenc Error: Unicode character –ø (U+043F)
(inputenc)                not set up for use with LaTeX.

See the inputenc package documentation for explanation.
Type  H <return>  for immediate help.
 ...                                              
                                                  
l.14 	–°–æ–ø
            –æ—Å—Ç–∞–≤–∏–º –∫–∞–∂–¥–æ–º—É —Ç—Ä–µ—É–≥–æ–ª—å–Ω–∏–∫—É —Ç–æ—á–∫—...

You may provide a definition with
\DeclareUnicodeCharacter 


! Package inputenc Error: Unicode character –æ (U+043E)
(inputenc)                not set up for use with LaTeX.

See the inputenc package documentation for explanation.
Type  H <return>  for immediate help.
 ...                                              
                                                  
l.14 	–°–æ–ø–æ
              —Å—Ç–∞–≤–∏–º –∫–∞–∂–¥–æ–º—É —Ç—Ä–µ—É–≥–æ–ª—å–Ω–∏–∫—É —Ç–æ—á–∫—...

You may provide a definition with
\DeclareUnicodeCharacter 


! Package inputenc Error: Unicode character —Å (U+0441)
(inputenc)                not set up for use with LaTeX.

See the inputenc package documentation for explanation.
Type  H <return>  for immediate help.
 ...                                              
                                                  
l.14 	–°–æ–ø–æ—Å
                —Ç–∞–≤–∏–º –∫–∞–∂–¥–æ–º—É —Ç—Ä–µ—É–≥–æ–ª—å–Ω–∏–∫—É —Ç–æ—á–∫—...

You may provide a definition with
\DeclareUnicodeCharacter 


! Package inputenc Error: Unicode character —Ç (U+0442)
(inputenc)                not set up for use with LaTeX.

See the inputenc package documentation for explanation.
Type  H <return>  for immediate help.
 ...                                              
                                                  
l.14 	–°–æ–ø–æ—Å—Ç
                  –∞–≤–∏–º –∫–∞–∂–¥–æ–º—É —Ç—Ä–µ—É–≥–æ–ª—å–Ω–∏–∫—É —Ç–æ—á–∫—...

You may provide a definition with
\DeclareUnicodeCharacter 


! Package inputenc Error: Unicode character –∞ (U+0430)
(inputenc)                not set up for use with LaTeX.

See the inputenc package documentation for explanation.
Type  H <return>  for immediate help.
 ...                                              
                                                  
l.14 	–°–æ–ø–æ—Å—Ç–∞
                    –≤–∏–º –∫–∞–∂–¥–æ–º—É —Ç—Ä–µ—É–≥–æ–ª—å–Ω–∏–∫—É —Ç–æ—á–∫—...

You may provide a definition with
\DeclareUnicodeCharacter 


! Package inputenc Error: Unicode character –≤ (U+0432)
(inputenc)                not set up for use with LaTeX.

See the inputenc package documentation for explanation.
Type  H <return>  for immediate help.
 ...                                              
                                                  
l.14 	–°–æ–ø–æ—Å—Ç–∞–≤
                      –∏–º –∫–∞–∂–¥–æ–º—É —Ç—Ä–µ—É–≥–æ–ª—å–Ω–∏–∫—É —Ç–æ—á–∫—...

You may provide a definition with
\DeclareUnicodeCharacter 


! Package inputenc Error: Unicode character –∏ (U+0438)
(inputenc)                not set up for use with LaTeX.

See the inputenc package documentation for explanation.
Type  H <return>  for immediate help.
 ...                                              
                                                  
l.14 	–°–æ–ø–æ—Å—Ç–∞–≤–∏
                        –º –∫–∞–∂–¥–æ–º—É —Ç—Ä–µ—É–≥–æ–ª—å–Ω–∏–∫—É —Ç–æ—á–∫—...

You may provide a definition with
\DeclareUnicodeCharacter 


! Package inputenc Error: Unicode character –º (U+043C)
(inputenc)                not set up for use with LaTeX.

See the inputenc package documentation for explanation.
Type  H <return>  for immediate help.
 ...                                              
                                                  
l.14 	–°–æ–ø–æ—Å—Ç–∞–≤–∏–º
                           –∫–∞–∂–¥–æ–º—É —Ç—Ä–µ—É–≥–æ–ª—å–Ω–∏–∫—É —Ç–æ—á–∫—...

You may provide a definition with
\DeclareUnicodeCharacter 


! Package inputenc Error: Unicode character –∫ (U+043A)
(inputenc)                not set up for use with LaTeX.

See the inputenc package documentation for explanation.
Type  H <return>  for immediate help.
 ...                                              
                                                  
l.14 	–°–æ–ø–æ—Å—Ç–∞–≤–∏–º –∫
                             –∞–∂–¥–æ–º—É —Ç—Ä–µ—É–≥–æ–ª—å–Ω–∏–∫—É —Ç–æ—á–∫—...

You may provide a definition with
\DeclareUnicodeCharacter 


! Package inputenc Error: Unicode character –∞ (U+0430)
(inputenc)                not set up for use with LaTeX.

See the inputenc package documentation for explanation.
Type  H <return>  for immediate help.
 ...                                              
                                                  
l.14 	–°–æ–ø–æ—Å—Ç–∞–≤–∏–º –∫–∞
                               –∂–¥–æ–º—É —Ç—Ä–µ—É–≥–æ–ª—å–Ω–∏–∫—É —Ç–æ—á–∫—...

You may provide a definition with
\DeclareUnicodeCharacter 


! Package inputenc Error: Unicode character –∂ (U+0436)
(inputenc)                not set up for use with LaTeX.

See the inputenc package documentation for explanation.
Type  H <return>  for immediate help.
 ...                                              
                                                  
l.14 	–°–æ–ø–æ—Å—Ç–∞–≤–∏–º –∫–∞–∂
                                 –¥–æ–º—É —Ç—Ä–µ—É–≥–æ–ª—å–Ω–∏–∫—É —Ç–æ—á–∫—...

You may provide a definition with
\DeclareUnicodeCharacter 


! Package inputenc Error: Unicode character –¥ (U+0434)
(inputenc)                not set up for use with LaTeX.

See the inputenc package documentation for explanation.
Type  H <return>  for immediate help.
 ...                                              
                                                  
l.14 	–°–æ–ø–æ—Å—Ç–∞–≤–∏–º –∫–∞–∂–¥
                                   –æ–º—É —Ç—Ä–µ—É–≥–æ–ª—å–Ω–∏–∫—É —Ç–æ—á–∫—...

You may provide a definition with
\DeclareUnicodeCharacter 


! Package inputenc Error: Unicode character –æ (U+043E)
(inputenc)                not set up for use with LaTeX.

See the inputenc package documentation for explanation.
Type  H <return>  for immediate help.
 ...                                              
                                                  
l.14 	–°–æ–ø–æ—Å—Ç–∞–≤–∏–º –∫–∞–∂–¥–æ
                                     –º—É —Ç—Ä–µ—É–≥–æ–ª—å–Ω–∏–∫—É —Ç–æ—á–∫—...

You may provide a definition with
\DeclareUnicodeCharacter 


! Package inputenc Error: Unicode character –º (U+043C)
(inputenc)                not set up for use with LaTeX.

See the inputenc package documentation for explanation.
Type  H <return>  for immediate help.
 ...                                              
                                                  
l.14 	–°–æ–ø–æ—Å—Ç–∞–≤–∏–º –∫–∞–∂–¥–æ–º
                                       —É —Ç—Ä–µ—É–≥–æ–ª—å–Ω–∏–∫—É —Ç–æ—á–∫—...

You may provide a definition with
\DeclareUnicodeCharacter 


! Package inputenc Error: Unicode character —É (U+0443)
(inputenc)                not set up for use with LaTeX.

See the inputenc package documentation for explanation.
Type  H <return>  for immediate help.
 ...                                              
                                                  
l.14 	–°–æ–ø–æ—Å—Ç–∞–≤–∏–º –∫–∞–∂–¥–æ–º—É
                                          —Ç—Ä–µ—É–≥–æ–ª—å–Ω–∏–∫—É —Ç–æ—á–∫—...

You may provide a definition with
\DeclareUnicodeCharacter 


! Package inputenc Error: Unicode character —Ç (U+0442)
(inputenc)                not set up for use with LaTeX.

See the inputenc package documentation for explanation.
Type  H <return>  for immediate help.
 ...                                              
                                                  
l.14 	–°–æ–ø–æ—Å—Ç–∞–≤–∏–º –∫–∞–∂–¥–æ–º—É —Ç
                                            —Ä–µ—É–≥–æ–ª—å–Ω–∏–∫—É —Ç–æ—á–∫—...

You may provide a definition with
\DeclareUnicodeCharacter 


! Package inputenc Error: Unicode character —Ä (U+0440)
(inputenc)                not set up for use with LaTeX.

See the inputenc package documentation for explanation.
Type  H <return>  for immediate help.
 ...                                              
                                                  
l.14 	–°–æ–ø–æ—Å—Ç–∞–≤–∏–º –∫–∞–∂–¥–æ–º—É —Ç—Ä
                                              –µ—É–≥–æ–ª—å–Ω–∏–∫—É —Ç–æ—á–∫—...

You may provide a definition with
\DeclareUnicodeCharacter 


! Package inputenc Error: Unicode character –µ (U+0435)
(inputenc)                not set up for use with LaTeX.

See the inputenc package documentation for explanation.
Type  H <return>  for immediate help.
 ...                                              
                                                  
l.14 	–°–æ–ø–æ—Å—Ç–∞–≤–∏–º –∫–∞–∂–¥–æ–º—É —Ç—Ä–µ
                                                —É–≥–æ–ª—å–Ω–∏–∫—É —Ç–æ—á–∫—...

You may provide a definition with
\DeclareUnicodeCharacter 


! Package inputenc Error: Unicode character —É (U+0443)
(inputenc)                not set up for use with LaTeX.

See the inputenc package documentation for explanation.
Type  H <return>  for immediate help.
 ...                                              
                                                  
l.14 	–°–æ–ø–æ—Å—Ç–∞–≤–∏–º –∫–∞–∂–¥–æ–º—É —Ç—Ä–µ—É
                                                  –≥–æ–ª—å–Ω–∏–∫—É —Ç–æ—á–∫—...

You may provide a definition with
\DeclareUnicodeCharacter 


! Package inputenc Error: Unicode character –≥ (U+0433)
(inputenc)                not set up for use with LaTeX.

See the inputenc package documentation for explanation.
Type  H <return>  for immediate help.
 ...                                              
                                                  
l.14 ...–ø–æ—Å—Ç–∞–≤–∏–º –∫–∞–∂–¥–æ–º—É —Ç—Ä–µ—É–≥
                                                  –æ–ª—å–Ω–∏–∫—É —Ç–æ—á–∫—É ...

You may provide a definition with
\DeclareUnicodeCharacter 


! Package inputenc Error: Unicode character –æ (U+043E)
(inputenc)                not set up for use with LaTeX.

See the inputenc package documentation for explanation.
Type  H <return>  for immediate help.
 ...                                              
                                                  
l.14 ...–æ—Å—Ç–∞–≤–∏–º –∫–∞–∂–¥–æ–º—É —Ç—Ä–µ—É–≥–æ
                                                  –ª—å–Ω–∏–∫—É —Ç–æ—á–∫—É $a...

You may provide a definition with
\DeclareUnicodeCharacter 


! Package inputenc Error: Unicode character –ª (U+043B)
(inputenc)                not set up for use with LaTeX.

See the inputenc package documentation for explanation.
Type  H <return>  for immediate help.
 ...                                              
                                                  
l.14 ...—Å—Ç–∞–≤–∏–º –∫–∞–∂–¥–æ–º—É —Ç—Ä–µ—É–≥–æ–ª
                                                  —å–Ω–∏–∫—É —Ç–æ—á–∫—É $a$ ...

You may provide a definition with
\DeclareUnicodeCharacter 


! Package inputenc Error: Unicode character —å (U+044C)
(inputenc)                not set up for use with LaTeX.

See the inputenc package documentation for explanation.
Type  H <return>  for immediate help.
 ...                                              
                                                  
l.14 ...—Ç–∞–≤–∏–º –∫–∞–∂–¥–æ–º—É —Ç—Ä–µ—É–≥–æ–ª—å
                                                  –Ω–∏–∫—É —Ç–æ—á–∫—É $a$ –Ω...

You may provide a definition with
\DeclareUnicodeCharacter 


! Package inputenc Error: Unicode character –Ω (U+043D)
(inputenc)                not set up for use with LaTeX.

See the inputenc package documentation for explanation.
Type  H <return>  for immediate help.
 ...                                              
                                                  
l.14 ...–∞–≤–∏–º –∫–∞–∂–¥–æ–º—É —Ç—Ä–µ—É–≥–æ–ª—å–Ω
                                                  –∏–∫—É —Ç–æ—á–∫—É $a$ –Ω–∞...

You may provide a definition with
\DeclareUnicodeCharacter 


! Package inputenc Error: Unicode character –∏ (U+0438)
(inputenc)                not set up for use with LaTeX.

See the inputenc package documentation for explanation.
Type  H <return>  for immediate help.
 ...                                              
                                                  
l.14 ...–≤–∏–º –∫–∞–∂–¥–æ–º—É —Ç—Ä–µ—É–≥–æ–ª—å–Ω–∏
                                                  –∫—É —Ç–æ—á–∫—É $a$ –Ω–∞ $...

You may provide a definition with
\DeclareUnicodeCharacter 


! Package inputenc Error: Unicode character –∫ (U+043A)
(inputenc)                not set up for use with LaTeX.

See the inputenc package documentation for explanation.
Type  H <return>  for immediate help.
 ...                                              
                                                  
l.14 ...–∏–º –∫–∞–∂–¥–æ–º—É —Ç—Ä–µ—É–≥–æ–ª—å–Ω–∏–∫
                                                  —É —Ç–æ—á–∫—É $a$ –Ω–∞ $\m...

You may provide a definition with
\DeclareUnicodeCharacter 


! Package inputenc Error: Unicode character —É (U+0443)
(inputenc)                not set up for use with LaTeX.

See the inputenc package documentation for explanation.
Type  H <return>  for immediate help.
 ...                                              
                                                  
l.14 ...–º –∫–∞–∂–¥–æ–º—É —Ç—Ä–µ—É–≥–æ–ª—å–Ω–∏–∫—É
                                                   —Ç–æ—á–∫—É $a$ –Ω–∞ $\mat...

You may provide a definition with
\DeclareUnicodeCharacter 


! Package inputenc Error: Unicode character —Ç (U+0442)
(inputenc)                not set up for use with LaTeX.

See the inputenc package documentation for explanation.
Type  H <return>  for immediate help.
 ...                                              
                                                  
l.14 ...–∫–∞–∂–¥–æ–º—É —Ç—Ä–µ—É–≥–æ–ª—å–Ω–∏–∫—É —Ç
                                                  –æ—á–∫—É $a$ –Ω–∞ $\mathbb...

You may provide a definition with
\DeclareUnicodeCharacter 


! Package inputenc Error: Unicode character –æ (U+043E)
(inputenc)                not set up for use with LaTeX.

See the inputenc package documentation for explanation.
Type  H <return>  for immediate help.
 ...                                              
                                                  
l.14 ...–∞–∂–¥–æ–º—É —Ç—Ä–µ—É–≥–æ–ª—å–Ω–∏–∫—É —Ç–æ
                                                  —á–∫—É $a$ –Ω–∞ $\mathbb{S...

You may provide a definition with
\DeclareUnicodeCharacter 


! Package inputenc Error: Unicode character —á (U+0447)
(inputenc)                not set up for use with LaTeX.

See the inputenc package documentation for explanation.
Type  H <return>  for immediate help.
 ...                                              
                                                  
l.14 ...–∂–¥–æ–º—É —Ç—Ä–µ—É–≥–æ–ª—å–Ω–∏–∫—É —Ç–æ—á
                                                  –∫—É $a$ –Ω–∞ $\mathbb{S}$...

You may provide a definition with
\DeclareUnicodeCharacter 


! Package inputenc Error: Unicode character –∫ (U+043A)
(inputenc)                not set up for use with LaTeX.

See the inputenc package documentation for explanation.
Type  H <return>  for immediate help.
 ...                                              
                                                  
l.14 ...–¥–æ–º—É —Ç—Ä–µ—É–≥–æ–ª—å–Ω–∏–∫—É —Ç–æ—á–∫
                                                  —É $a$ –Ω–∞ $\mathbb{S}$ –...

You may provide a definition with
\DeclareUnicodeCharacter 


! Package inputenc Error: Unicode character —É (U+0443)
(inputenc)                not set up for use with LaTeX.

See the inputenc package documentation for explanation.
Type  H <return>  for immediate help.
 ...                                              
                                                  
l.14 ...–æ–º—É —Ç—Ä–µ—É–≥–æ–ª—å–Ω–∏–∫—É —Ç–æ—á–∫—É
                                                   $a$ –Ω–∞ $\mathbb{S}$ –∏ ...

You may provide a definition with
\DeclareUnicodeCharacter 


! LaTeX Error: Missing \begin{document}.

See the LaTeX manual or LaTeX Companion for explanation.
Type  H <return>  for immediate help.
 ...                                              
                                                  
l.14 ...–º—É —Ç—Ä–µ—É–≥–æ–ª—å–Ω–∏–∫—É —Ç–æ—á–∫—É $
                                                  a$ –Ω–∞ $\mathbb{S}$ –∏ –¥...

You're in trouble here.  Try typing  <return>  to proceed.
If that doesn't work, type  X <return>  to quit.


! Package inputenc Error: Unicode character –Ω (U+043D)
(inputenc)                not set up for use with LaTeX.

See the inputenc package documentation for explanation.
Type  H <return>  for immediate help.
 ...                                              
                                                  
l.14 ...—Ç—Ä–µ—É–≥–æ–ª—å–Ω–∏–∫—É —Ç–æ—á–∫—É $a$ –Ω
                                                  –∞ $\mathbb{S}$ –∏ –¥–ª–∏–...

You may provide a definition with
\DeclareUnicodeCharacter 


! Package inputenc Error: Unicode character –∞ (U+0430)
(inputenc)                not set up for use with LaTeX.

See the inputenc package documentation for explanation.
Type  H <return>  for immediate help.
 ...                                              
                                                  
l.14 ...—Ä–µ—É–≥–æ–ª—å–Ω–∏–∫—É —Ç–æ—á–∫—É $a$ –Ω–∞
                                                   $\mathbb{S}$ –∏ –¥–ª–∏–Ω—...

You may provide a definition with
\DeclareUnicodeCharacter 

! Undefined control sequence.
<recently read> \mathbb 
                        
l.14 ...æ–ª—å–Ω–∏–∫—É —Ç–æ—á–∫—É $a$ –Ω–∞ $\mathbb
                                                  {S}$ –∏ –¥–ª–∏–Ω—ã —Å—Ç–æ—...
The control sequence at the end of the top line
of your error message was never \def'ed. If you have
misspelled it (e.g., `\hobx'), type `I' and the correct
spelling (e.g., `I\hbox'). Otherwise just continue,
and I'll forget about whatever was undefined.


! Package inputenc Error: Unicode character –∏ (U+0438)
(inputenc)                not set up for use with LaTeX.

See the inputenc package documentation for explanation.
Type  H <return>  for immediate help.
 ...                                              
                                                  
l.14 ...–∏–∫—É —Ç–æ—á–∫—É $a$ –Ω–∞ $\mathbb{S}$ –∏
                                                   –¥–ª–∏–Ω—ã —Å—Ç–æ—Ä–æ–Ω $...

You may provide a definition with
\DeclareUnicodeCharacter 


! Package inputenc Error: Unicode character –¥ (U+0434)
(inputenc)                not set up for use with LaTeX.

See the inputenc package documentation for explanation.
Type  H <return>  for immediate help.
 ...                                              
                                                  
l.14 ...∫—É —Ç–æ—á–∫—É $a$ –Ω–∞ $\mathbb{S}$ –∏ –¥
                                                  –ª–∏–Ω—ã —Å—Ç–æ—Ä–æ–Ω $l_1...

You may provide a definition with
\DeclareUnicodeCharacter 


! Package inputenc Error: Unicode character –ª (U+043B)
(inputenc)                not set up for use with LaTeX.

See the inputenc package documentation for explanation.
Type  H <return>  for immediate help.
 ...                                              
                                                  
l.14 ...É —Ç–æ—á–∫—É $a$ –Ω–∞ $\mathbb{S}$ –∏ –¥–ª
                                                  –∏–Ω—ã —Å—Ç–æ—Ä–æ–Ω $l_1, ...

You may provide a definition with
\DeclareUnicodeCharacter 


! Package inputenc Error: Unicode character –∏ (U+0438)
(inputenc)                not set up for use with LaTeX.

See the inputenc package documentation for explanation.
Type  H <return>  for immediate help.
 ...                                              
                                                  
l.14 ...—Ç–æ—á–∫—É $a$ –Ω–∞ $\mathbb{S}$ –∏ –¥–ª–∏
                                                  –Ω—ã —Å—Ç–æ—Ä–æ–Ω $l_1, l_...

You may provide a definition with
\DeclareUnicodeCharacter 


! Package inputenc Error: Unicode character –Ω (U+043D)
(inputenc)                not set up for use with LaTeX.

See the inputenc package documentation for explanation.
Type  H <return>  for immediate help.
 ...                                              
                                                  
l.14 ...–æ—á–∫—É $a$ –Ω–∞ $\mathbb{S}$ –∏ –¥–ª–∏–Ω
                                                  —ã —Å—Ç–æ—Ä–æ–Ω $l_1, l_2 ...

You may provide a definition with
\DeclareUnicodeCharacter 


! Package inputenc Error: Unicode character —ã (U+044B)
(inputenc)                not set up for use with LaTeX.

See the inputenc package documentation for explanation.
Type  H <return>  for immediate help.
 ...                                              
                                                  
l.14 ...—á–∫—É $a$ –Ω–∞ $\mathbb{S}$ –∏ –¥–ª–∏–Ω—ã
                                                   —Å—Ç–æ—Ä–æ–Ω $l_1, l_2 > ...

You may provide a definition with
\DeclareUnicodeCharacter 


! Package inputenc Error: Unicode character —Å (U+0441)
(inputenc)                not set up for use with LaTeX.

See the inputenc package documentation for explanation.
Type  H <return>  for immediate help.
 ...                                              
                                                  
l.14 ...∫—É $a$ –Ω–∞ $\mathbb{S}$ –∏ –¥–ª–∏–Ω—ã —Å
                                                  —Ç–æ—Ä–æ–Ω $l_1, l_2 > 0$....

You may provide a definition with
\DeclareUnicodeCharacter 


! Package inputenc Error: Unicode character —Ç (U+0442)
(inputenc)                not set up for use with LaTeX.

See the inputenc package documentation for explanation.
Type  H <return>  for immediate help.
 ...                                              
                                                  
l.14 ...É $a$ –Ω–∞ $\mathbb{S}$ –∏ –¥–ª–∏–Ω—ã —Å—Ç
                                                  –æ—Ä–æ–Ω $l_1, l_2 > 0$. –...

You may provide a definition with
\DeclareUnicodeCharacter 


! Package inputenc Error: Unicode character –æ (U+043E)
(inputenc)                not set up for use with LaTeX.

See the inputenc package documentation for explanation.
Type  H <return>  for immediate help.
 ...                                              
                                                  
l.14 ...$a$ –Ω–∞ $\mathbb{S}$ –∏ –¥–ª–∏–Ω—ã —Å—Ç–æ
                                                  —Ä–æ–Ω $l_1, l_2 > 0$. –¢–...

You may provide a definition with
\DeclareUnicodeCharacter 


! Package inputenc Error: Unicode character —Ä (U+0440)
(inputenc)                not set up for use with LaTeX.

See the inputenc package documentation for explanation.
Type  H <return>  for immediate help.
 ...                                              
                                                  
l.14 ...$ –Ω–∞ $\mathbb{S}$ –∏ –¥–ª–∏–Ω—ã —Å—Ç–æ—Ä
                                                  –æ–Ω $l_1, l_2 > 0$. –¢–∞–...

You may provide a definition with
\DeclareUnicodeCharacter 


! Package inputenc Error: Unicode character –æ (U+043E)
(inputenc)                not set up for use with LaTeX.

See the inputenc package documentation for explanation.
Type  H <return>  for immediate help.
 ...                                              
                                                  
l.14 ...–Ω–∞ $\mathbb{S}$ –∏ –¥–ª–∏–Ω—ã —Å—Ç–æ—Ä–æ
                                                  –Ω $l_1, l_2 > 0$. –¢–∞–∫–...

You may provide a definition with
\DeclareUnicodeCharacter 


! Package inputenc Error: Unicode character –Ω (U+043D)
(inputenc)                not set up for use with LaTeX.

See the inputenc package documentation for explanation.
Type  H <return>  for immediate help.
 ...                                              
                                                  
l.14 ...–∞ $\mathbb{S}$ –∏ –¥–ª–∏–Ω—ã —Å—Ç–æ—Ä–æ–Ω
                                                   $l_1, l_2 > 0$. –¢–∞–∫–∏–...

You may provide a definition with
\DeclareUnicodeCharacter 

Missing character: There is no . in font nullfont!

! Package inputenc Error: Unicode character –¢ (U+0422)
(inputenc)                not set up for use with LaTeX.

See the inputenc package documentation for explanation.
Type  H <return>  for immediate help.
 ...                                              
                                                  
l.14 ...–¥–ª–∏–Ω—ã —Å—Ç–æ—Ä–æ–Ω $l_1, l_2 > 0$. –¢
                                                  –∞–∫–∏–º –æ–±—Ä–∞–∑–æ–º –º...

You may provide a definition with
\DeclareUnicodeCharacter 


! Package inputenc Error: Unicode character –∞ (U+0430)
(inputenc)                not set up for use with LaTeX.

See the inputenc package documentation for explanation.
Type  H <return>  for immediate help.
 ...                                              
                                                  
l.14 ...–ª–∏–Ω—ã —Å—Ç–æ—Ä–æ–Ω $l_1, l_2 > 0$. –¢–∞
                                                  –∫–∏–º –æ–±—Ä–∞–∑–æ–º –º—ã...

You may provide a definition with
\DeclareUnicodeCharacter 


! Package inputenc Error: Unicode character –∫ (U+043A)
(inputenc)                not set up for use with LaTeX.

See the inputenc package documentation for explanation.
Type  H <return>  for immediate help.
 ...                                              
                                                  
l.14 ...–∏–Ω—ã —Å—Ç–æ—Ä–æ–Ω $l_1, l_2 > 0$. –¢–∞–∫
                                                  –∏–º –æ–±—Ä–∞–∑–æ–º –º—ã –...

You may provide a definition with
\DeclareUnicodeCharacter 


! Package inputenc Error: Unicode character –∏ (U+0438)
(inputenc)                not set up for use with LaTeX.

See the inputenc package documentation for explanation.
Type  H <return>  for immediate help.
 ...                                              
                                                  
l.14 ...–Ω—ã —Å—Ç–æ—Ä–æ–Ω $l_1, l_2 > 0$. –¢–∞–∫–∏
                                                  –º –æ–±—Ä–∞–∑–æ–º –º—ã –ø–...

You may provide a definition with
\DeclareUnicodeCharacter 


! Package inputenc Error: Unicode character –º (U+043C)
(inputenc)                not set up for use with LaTeX.

See the inputenc package documentation for explanation.
Type  H <return>  for immediate help.
 ...                                              
                                                  
l.14 ...—ã —Å—Ç–æ—Ä–æ–Ω $l_1, l_2 > 0$. –¢–∞–∫–∏–º
                                                   –æ–±—Ä–∞–∑–æ–º –º—ã –ø–æ—...

You may provide a definition with
\DeclareUnicodeCharacter 


! Package inputenc Error: Unicode character –æ (U+043E)
(inputenc)                not set up for use with LaTeX.

See the inputenc package documentation for explanation.
Type  H <return>  for immediate help.
 ...                                              
                                                  
l.14 ...—Å—Ç–æ—Ä–æ–Ω $l_1, l_2 > 0$. –¢–∞–∫–∏–º –æ
                                                  –±—Ä–∞–∑–æ–º –º—ã –ø–æ—Å—Ç...

You may provide a definition with
\DeclareUnicodeCharacter 


! Package inputenc Error: Unicode character –± (U+0431)
(inputenc)                not set up for use with LaTeX.

See the inputenc package documentation for explanation.
Type  H <return>  for immediate help.
 ...                                              
                                                  
l.14 ...—Ç–æ—Ä–æ–Ω $l_1, l_2 > 0$. –¢–∞–∫–∏–º –æ–±
                                                  —Ä–∞–∑–æ–º –º—ã –ø–æ—Å—Ç—Ä...

You may provide a definition with
\DeclareUnicodeCharacter 


! Package inputenc Error: Unicode character —Ä (U+0440)
(inputenc)                not set up for use with LaTeX.

See the inputenc package documentation for explanation.
Type  H <return>  for immediate help.
 ...                                              
                                                  
l.14 ...–æ—Ä–æ–Ω $l_1, l_2 > 0$. –¢–∞–∫–∏–º –æ–±—Ä
                                                  –∞–∑–æ–º –º—ã –ø–æ—Å—Ç—Ä–æ...

You may provide a definition with
\DeclareUnicodeCharacter 


! Package inputenc Error: Unicode character –∞ (U+0430)
(inputenc)                not set up for use with LaTeX.

See the inputenc package documentation for explanation.
Type  H <return>  for immediate help.
 ...                                              
                                                  
l.14 ...—Ä–æ–Ω $l_1, l_2 > 0$. –¢–∞–∫–∏–º –æ–±—Ä–∞
                                                  –∑–æ–º –º—ã –ø–æ—Å—Ç—Ä–æ–∏...

You may provide a definition with
\DeclareUnicodeCharacter 


! Package inputenc Error: Unicode character –∑ (U+0437)
(inputenc)                not set up for use with LaTeX.

See the inputenc package documentation for explanation.
Type  H <return>  for immediate help.
 ...                                              
                                                  
l.14 ...–æ–Ω $l_1, l_2 > 0$. –¢–∞–∫–∏–º –æ–±—Ä–∞–∑
                                                  –æ–º –º—ã –ø–æ—Å—Ç—Ä–æ–∏–ª...

You may provide a definition with
\DeclareUnicodeCharacter 


! Package inputenc Error: Unicode character –æ (U+043E)
(inputenc)                not set up for use with LaTeX.

See the inputenc package documentation for explanation.
Type  H <return>  for immediate help.
 ...                                              
                                                  
l.14 ...–Ω $l_1, l_2 > 0$. –¢–∞–∫–∏–º –æ–±—Ä–∞–∑–æ
                                                  –º –º—ã –ø–æ—Å—Ç—Ä–æ–∏–ª–∏...

You may provide a definition with
\DeclareUnicodeCharacter 


! Package inputenc Error: Unicode character –º (U+043C)
(inputenc)                not set up for use with LaTeX.

See the inputenc package documentation for explanation.
Type  H <return>  for immediate help.
 ...                                              
                                                  
l.14 ... $l_1, l_2 > 0$. –¢–∞–∫–∏–º –æ–±—Ä–∞–∑–æ–º
                                                   –º—ã –ø–æ—Å—Ç—Ä–æ–∏–ª–∏ –...

You may provide a definition with
\DeclareUnicodeCharacter 


! Package inputenc Error: Unicode character –º (U+043C)
(inputenc)                not set up for use with LaTeX.

See the inputenc package documentation for explanation.
Type  H <return>  for immediate help.
 ...                                              
                                                  
l.14 ..._1, l_2 > 0$. –¢–∞–∫–∏–º –æ–±—Ä–∞–∑–æ–º –º
                                                  —ã –ø–æ—Å—Ç—Ä–æ–∏–ª–∏ –±–∏...

You may provide a definition with
\DeclareUnicodeCharacter 


! Package inputenc Error: Unicode character —ã (U+044B)
(inputenc)                not set up for use with LaTeX.

See the inputenc package documentation for explanation.
Type  H <return>  for immediate help.
 ...                                              
                                                  
l.14 ..., l_2 > 0$. –¢–∞–∫–∏–º –æ–±—Ä–∞–∑–æ–º –º—ã
                                                   –ø–æ—Å—Ç—Ä–æ–∏–ª–∏ –±–∏–µ...

You may provide a definition with
\DeclareUnicodeCharacter 


! Package inputenc Error: Unicode character –ø (U+043F)
(inputenc)                not set up for use with LaTeX.

See the inputenc package documentation for explanation.
Type  H <return>  for immediate help.
 ...                                              
                                                  
l.14 ..._2 > 0$. –¢–∞–∫–∏–º –æ–±—Ä–∞–∑–æ–º –º—ã –ø
                                                  –æ—Å—Ç—Ä–æ–∏–ª–∏ –±–∏–µ–∫—...

You may provide a definition with
\DeclareUnicodeCharacter 


! Package inputenc Error: Unicode character –æ (U+043E)
(inputenc)                not set up for use with LaTeX.

See the inputenc package documentation for explanation.
Type  H <return>  for immediate help.
 ...                                              
                                                  
l.14 ... > 0$. –¢–∞–∫–∏–º –æ–±—Ä–∞–∑–æ–º –º—ã –ø–æ
                                                  —Å—Ç—Ä–æ–∏–ª–∏ –±–∏–µ–∫—Ü–...

You may provide a definition with
\DeclareUnicodeCharacter 


! Package inputenc Error: Unicode character —Å (U+0441)
(inputenc)                not set up for use with LaTeX.

See the inputenc package documentation for explanation.
Type  H <return>  for immediate help.
 ...                                              
                                                  
l.14 ... 0$. –¢–∞–∫–∏–º –æ–±—Ä–∞–∑–æ–º –º—ã –ø–æ—Å
                                                  —Ç—Ä–æ–∏–ª–∏ –±–∏–µ–∫—Ü–∏—...

You may provide a definition with
\DeclareUnicodeCharacter 


! Package inputenc Error: Unicode character —Ç (U+0442)
(inputenc)                not set up for use with LaTeX.

See the inputenc package documentation for explanation.
Type  H <return>  for immediate help.
 ...                                              
                                                  
l.14 ...$. –¢–∞–∫–∏–º –æ–±—Ä–∞–∑–æ–º –º—ã –ø–æ—Å—Ç
                                                  —Ä–æ–∏–ª–∏ –±–∏–µ–∫—Ü–∏—é ...

You may provide a definition with
\DeclareUnicodeCharacter 


! Package inputenc Error: Unicode character —Ä (U+0440)
(inputenc)                not set up for use with LaTeX.

See the inputenc package documentation for explanation.
Type  H <return>  for immediate help.
 ...                                              
                                                  
l.14 ... –¢–∞–∫–∏–º –æ–±—Ä–∞–∑–æ–º –º—ã –ø–æ—Å—Ç—Ä
                                                  –æ–∏–ª–∏ –±–∏–µ–∫—Ü–∏—é $\...

You may provide a definition with
\DeclareUnicodeCharacter 


! Package inputenc Error: Unicode character –æ (U+043E)
(inputenc)                not set up for use with LaTeX.

See the inputenc package documentation for explanation.
Type  H <return>  for immediate help.
 ...                                              
                                                  
l.14 ...¢–∞–∫–∏–º –æ–±—Ä–∞–∑–æ–º –º—ã –ø–æ—Å—Ç—Ä–æ
                                                  –∏–ª–∏ –±–∏–µ–∫—Ü–∏—é $\va...

You may provide a definition with
\DeclareUnicodeCharacter 


! Package inputenc Error: Unicode character –∏ (U+0438)
(inputenc)                not set up for use with LaTeX.

See the inputenc package documentation for explanation.
Type  H <return>  for immediate help.
 ...                                              
                                                  
l.14 ...∞–∫–∏–º –æ–±—Ä–∞–∑–æ–º –º—ã –ø–æ—Å—Ç—Ä–æ–∏
                                                  –ª–∏ –±–∏–µ–∫—Ü–∏—é $\varp...

You may provide a definition with
\DeclareUnicodeCharacter 


! Package inputenc Error: Unicode character –ª (U+043B)
(inputenc)                not set up for use with LaTeX.

See the inputenc package documentation for explanation.
Type  H <return>  for immediate help.
 ...                                              
                                                  
l.14 ...∫–∏–º –æ–±—Ä–∞–∑–æ–º –º—ã –ø–æ—Å—Ç—Ä–æ–∏–ª
                                                  –∏ –±–∏–µ–∫—Ü–∏—é $\varphi...

You may provide a definition with
\DeclareUnicodeCharacter 


! Package inputenc Error: Unicode character –∏ (U+0438)
(inputenc)                not set up for use with LaTeX.

See the inputenc package documentation for explanation.
Type  H <return>  for immediate help.
 ...                                              
                                                  
l.14 ...∏–º –æ–±—Ä–∞–∑–æ–º –º—ã –ø–æ—Å—Ç—Ä–æ–∏–ª–∏
                                                   –±–∏–µ–∫—Ü–∏—é $\varphi: ...

You may provide a definition with
\DeclareUnicodeCharacter 


! Package inputenc Error: Unicode character –± (U+0431)
(inputenc)                not set up for use with LaTeX.

See the inputenc package documentation for explanation.
Type  H <return>  for immediate help.
 ...                                              
                                                  
l.14 ... –æ–±—Ä–∞–∑–æ–º –º—ã –ø–æ—Å—Ç—Ä–æ–∏–ª–∏ –±
                                                  –∏–µ–∫—Ü–∏—é $\varphi: \tr...

You may provide a definition with
\DeclareUnicodeCharacter 


! Package inputenc Error: Unicode character –∏ (U+0438)
(inputenc)                not set up for use with LaTeX.

See the inputenc package documentation for explanation.
Type  H <return>  for immediate help.
 ...                                              
                                                  
l.14 ...æ–±—Ä–∞–∑–æ–º –º—ã –ø–æ—Å—Ç—Ä–æ–∏–ª–∏ –±–∏
                                                  –µ–∫—Ü–∏—é $\varphi: \tria...

You may provide a definition with
\DeclareUnicodeCharacter 


! Package inputenc Error: Unicode character –µ (U+0435)
(inputenc)                not set up for use with LaTeX.

See the inputenc package documentation for explanation.
Type  H <return>  for immediate help.
 ...                                              
                                                  
l.14 ...±—Ä–∞–∑–æ–º –º—ã –ø–æ—Å—Ç—Ä–æ–∏–ª–∏ –±–∏–µ
                                                  –∫—Ü–∏—é $\varphi: \triang...

You may provide a definition with
\DeclareUnicodeCharacter 


! Package inputenc Error: Unicode character –∫ (U+043A)
(inputenc)                not set up for use with LaTeX.

See the inputenc package documentation for explanation.
Type  H <return>  for immediate help.
 ...                                              
                                                  
l.14 ...Ä–∞–∑–æ–º –º—ã –ø–æ—Å—Ç—Ä–æ–∏–ª–∏ –±–∏–µ–∫
                                                  —Ü–∏—é $\varphi: \triangle...

You may provide a definition with
\DeclareUnicodeCharacter 


! Package inputenc Error: Unicode character —Ü (U+0446)
(inputenc)                not set up for use with LaTeX.

See the inputenc package documentation for explanation.
Type  H <return>  for immediate help.
 ...                                              
                                                  
l.14 ...∞–∑–æ–º –º—ã –ø–æ—Å—Ç—Ä–æ–∏–ª–∏ –±–∏–µ–∫—Ü
                                                  –∏—é $\varphi: \triangle \...

You may provide a definition with
\DeclareUnicodeCharacter 


! Package inputenc Error: Unicode character –∏ (U+0438)
(inputenc)                not set up for use with LaTeX.

See the inputenc package documentation for explanation.
Type  H <return>  for immediate help.
 ...                                              
                                                  
l.14 ...∑–æ–º –º—ã –ø–æ—Å—Ç—Ä–æ–∏–ª–∏ –±–∏–µ–∫—Ü–∏
                                                  —é $\varphi: \triangle \to...

You may provide a definition with
\DeclareUnicodeCharacter 


! Package inputenc Error: Unicode character —é (U+044E)
(inputenc)                not set up for use with LaTeX.

See the inputenc package documentation for explanation.
Type  H <return>  for immediate help.
 ...                                              
                                                  
l.14 ...æ–º –º—ã –ø–æ—Å—Ç—Ä–æ–∏–ª–∏ –±–∏–µ–∫—Ü–∏—é
                                                   $\varphi: \triangle \to (...

You may provide a definition with
\DeclareUnicodeCharacter 

Missing character: There is no . in font nullfont!

! LaTeX Error: Environment gather* undefined.

See the LaTeX manual or LaTeX Companion for explanation.
Type  H <return>  for immediate help.
 ...                                              
                                                  
l.15 	\begin{gather*}
                     
Your command was ignored.
Type  I <command> <return>  to replace it with another command,
or  <return>  to continue without it.

Missing character: There is no a in font nullfont!
! Missing $ inserted.
<inserted text> 
                $
l.16 		a \in
             \mathbb{S},\ l_1, l_2 \in \mathbb{R}_{+} \rightarrow (a,l_1,l_2...
I've inserted a begin-math/end-math symbol since I think
you left one out. Proceed, with fingers crossed.

! Undefined control sequence.
l.16 		a \in \mathbb
                    {S},\ l_1, l_2 \in \mathbb{R}_{+} \rightarrow (a,l_1,l_2...
The control sequence at the end of the top line
of your error message was never \def'ed. If you have
misspelled it (e.g., `\hobx'), type `I' and the correct
spelling (e.g., `I\hbox'). Otherwise just continue,
and I'll forget about whatever was undefined.

! Undefined control sequence.
l.16 		a \in \mathbb{S},\ l_1, l_2 \in \mathbb
                                              {R}_{+} \rightarrow (a,l_1,l_2...
The control sequence at the end of the top line
of your error message was never \def'ed. If you have
misspelled it (e.g., `\hobx'), type `I' and the correct
spelling (e.g., `I\hbox'). Otherwise just continue,
and I'll forget about whatever was undefined.

! Undefined control sequence.
l.16 ...R}_{+} \rightarrow (a,l_1,l_2) \in \mathbb
                                                  {S} \times \mathbb{R} \tim...
The control sequence at the end of the top line
of your error message was never \def'ed. If you have
misspelled it (e.g., `\hobx'), type `I' and the correct
spelling (e.g., `I\hbox'). Otherwise just continue,
and I'll forget about whatever was undefined.

! Undefined control sequence.
l.16 ... (a,l_1,l_2) \in \mathbb{S} \times \mathbb
                                                  {R} \times \mathbb{R}
The control sequence at the end of the top line
of your error message was never \def'ed. If you have
misspelled it (e.g., `\hobx'), type `I' and the correct
spelling (e.g., `I\hbox'). Otherwise just continue,
and I'll forget about whatever was undefined.

! Undefined control sequence.
l.16 ...mathbb{S} \times \mathbb{R} \times \mathbb
                                                  {R}
The control sequence at the end of the top line
of your error message was never \def'ed. If you have
misspelled it (e.g., `\hobx'), type `I' and the correct
spelling (e.g., `I\hbox'). Otherwise just continue,
and I'll forget about whatever was undefined.


! LaTeX Error: \begin{document} ended by \end{gather*}.

See the LaTeX manual or LaTeX Companion for explanation.
Type  H <return>  for immediate help.
 ...                                              
                                                  
l.17 	\end{gather*}
                   
Your command was ignored.
Type  I <command> <return>  to replace it with another command,
or  <return>  to continue without it.

! Missing $ inserted.
<inserted text> 
                $
l.17 	\end{gather*}
                   
I've inserted something that you may have forgotten.
(See the <inserted text> above.)
With luck, this will get me unwedged. But if you
really didn't forget anything, try typing `2' now; then
my insertion and my current dilemma will both disappear.


! Package inputenc Error: Unicode character –û (U+041E)
(inputenc)                not set up for use with LaTeX.

See the inputenc package documentation for explanation.
Type  H <return>  for immediate help.
 ...                                              
                                                  
l.18 	–û
        —Ç–∫—Ä—ã—Ç—ã–µ –º–Ω–æ–∂–µ—Å—Ç–≤–∞ $U_1 \times U_2 \times U_3 \subset...

You may provide a definition with
\DeclareUnicodeCharacter 


! Package inputenc Error: Unicode character —Ç (U+0442)
(inputenc)                not set up for use with LaTeX.

See the inputenc package documentation for explanation.
Type  H <return>  for immediate help.
 ...                                              
                                                  
l.18 	–û—Ç
          –∫—Ä—ã—Ç—ã–µ –º–Ω–æ–∂–µ—Å—Ç–≤–∞ $U_1 \times U_2 \times U_3 \subset...

You may provide a definition with
\DeclareUnicodeCharacter 


! Package inputenc Error: Unicode character –∫ (U+043A)
(inputenc)                not set up for use with LaTeX.

See the inputenc package documentation for explanation.
Type  H <return>  for immediate help.
 ...                                              
                                                  
l.18 	–û—Ç–∫
            —Ä—ã—Ç—ã–µ –º–Ω–æ–∂–µ—Å—Ç–≤–∞ $U_1 \times U_2 \times U_3 \subset...

You may provide a definition with
\DeclareUnicodeCharacter 


! Package inputenc Error: Unicode character —Ä (U+0440)
(inputenc)                not set up for use with LaTeX.

See the inputenc package documentation for explanation.
Type  H <return>  for immediate help.
 ...                                              
                                                  
l.18 	–û—Ç–∫—Ä
              —ã—Ç—ã–µ –º–Ω–æ–∂–µ—Å—Ç–≤–∞ $U_1 \times U_2 \times U_3 \subset...

You may provide a definition with
\DeclareUnicodeCharacter 


! Package inputenc Error: Unicode character —ã (U+044B)
(inputenc)                not set up for use with LaTeX.

See the inputenc package documentation for explanation.
Type  H <return>  for immediate help.
 ...                                              
                                                  
l.18 	–û—Ç–∫—Ä—ã
                —Ç—ã–µ –º–Ω–æ–∂–µ—Å—Ç–≤–∞ $U_1 \times U_2 \times U_3 \subset...

You may provide a definition with
\DeclareUnicodeCharacter 


! Package inputenc Error: Unicode character —Ç (U+0442)
(inputenc)                not set up for use with LaTeX.

See the inputenc package documentation for explanation.
Type  H <return>  for immediate help.
 ...                                              
                                                  
l.18 	–û—Ç–∫—Ä—ã—Ç
                  —ã–µ –º–Ω–æ–∂–µ—Å—Ç–≤–∞ $U_1 \times U_2 \times U_3 \subset...

You may provide a definition with
\DeclareUnicodeCharacter 


! Package inputenc Error: Unicode character —ã (U+044B)
(inputenc)                not set up for use with LaTeX.

See the inputenc package documentation for explanation.
Type  H <return>  for immediate help.
 ...                                              
                                                  
l.18 	–û—Ç–∫—Ä—ã—Ç—ã
                    –µ –º–Ω–æ–∂–µ—Å—Ç–≤–∞ $U_1 \times U_2 \times U_3 \subset...

You may provide a definition with
\DeclareUnicodeCharacter 


! Package inputenc Error: Unicode character –µ (U+0435)
(inputenc)                not set up for use with LaTeX.

See the inputenc package documentation for explanation.
Type  H <return>  for immediate help.
 ...                                              
                                                  
l.18 	–û—Ç–∫—Ä—ã—Ç—ã–µ
                       –º–Ω–æ–∂–µ—Å—Ç–≤–∞ $U_1 \times U_2 \times U_3 \subset...

You may provide a definition with
\DeclareUnicodeCharacter 


! Package inputenc Error: Unicode character –º (U+043C)
(inputenc)                not set up for use with LaTeX.

See the inputenc package documentation for explanation.
Type  H <return>  for immediate help.
 ...                                              
                                                  
l.18 	–û—Ç–∫—Ä—ã—Ç—ã–µ –º
                         –Ω–æ–∂–µ—Å—Ç–≤–∞ $U_1 \times U_2 \times U_3 \subset...

You may provide a definition with
\DeclareUnicodeCharacter 


! Package inputenc Error: Unicode character –Ω (U+043D)
(inputenc)                not set up for use with LaTeX.

See the inputenc package documentation for explanation.
Type  H <return>  for immediate help.
 ...                                              
                                                  
l.18 	–û—Ç–∫—Ä—ã—Ç—ã–µ –º–Ω
                           –æ–∂–µ—Å—Ç–≤–∞ $U_1 \times U_2 \times U_3 \subset...

You may provide a definition with
\DeclareUnicodeCharacter 


! Package inputenc Error: Unicode character –æ (U+043E)
(inputenc)                not set up for use with LaTeX.

See the inputenc package documentation for explanation.
Type  H <return>  for immediate help.
 ...                                              
                                                  
l.18 	–û—Ç–∫—Ä—ã—Ç—ã–µ –º–Ω–æ
                             –∂–µ—Å—Ç–≤–∞ $U_1 \times U_2 \times U_3 \subset...
(That makes 100 errors; please try again.) 
Here is how much of TeX's memory you used:
 46 strings out of 491202
 640 string characters out of 3111286
 69340 words of memory out of 3000000
 5737 multiletter control sequences out of 15000+200000
 3640 words of font info for 14 fonts, out of 3000000 for 9000
 1141 hyphenation exceptions out of 8191
 20i,4n,18p,262b,97s stack positions out of 5000i,500n,10000p,200000b,50000s

!  ==> Fatal error occurred, no output PDF file produced!
