[2021-10-25 21:02:24,801] multiqc                                            [DEBUG  ]  No MultiQC config found: /usr/local/lib/python3.6/dist-packages/multiqc_config.yaml
[2021-10-25 21:02:24,801] multiqc                                            [DEBUG  ]  No MultiQC config found: /home/uvvinogradova/.multiqc_config.yaml
[2021-10-25 21:02:24,801] multiqc                                            [DEBUG  ]  No MultiQC config found: multiqc_config.yaml
[2021-10-25 21:02:24,801] multiqc                                            [DEBUG  ]  Command used: /usr/local/bin/multiqc -o multiqc fastqc
[2021-10-25 21:02:25,180] multiqc                                            [WARNING]  MultiQC Version v1.11 now available!
[2021-10-25 21:02:25,181] multiqc                                            [INFO   ]  This is MultiQC v1.10.dev0
[2021-10-25 21:02:25,181] multiqc                                            [DEBUG  ]  Command     : /usr/local/bin/multiqc -o multiqc fastqc
[2021-10-25 21:02:25,181] multiqc                                            [DEBUG  ]  Working dir : /home/uvvinogradova/temp
[2021-10-25 21:02:25,181] multiqc                                            [INFO   ]  Template    : default
[2021-10-25 21:02:25,181] multiqc                                            [DEBUG  ]  Running Python 3.6.9 (default, Jan 26 2021, 15:33:00)  [GCC 8.4.0]
[2021-10-25 21:02:25,181] multiqc                                            [INFO   ]  Searching   : /home/uvvinogradova/temp/fastqc
[2021-10-25 21:02:25,181] multiqc                                            [DEBUG  ]  Analysing modules: custom_content, conpair, peddy, somalier, methylQA, mosdepth, phantompeakqualtools, qualimap, preseq, quast, qorts, rna_seqc, rockhopper, rsem, rseqc, busco, goleft_indexcov, disambiguate, supernova, deeptools, sargasso, verifybamid, mirtrace, happy, mirtop, homer, hops, macs2, theta2, snpeff, gatk, htseq, bcftools, featureCounts, fgbio, dragen, dedup, damageprofiler, biobambam2, mtnucratio, picard, prokka, samblaster, samtools, sexdeterrmine, bamtools, jellyfish, vcftools, longranger, stacks, varscan2, bbmap, bismark, biscuit, hicexplorer, pairtools, hicup, hicpro, salmon, kallisto, slamdunk, star, hisat2, tophat, bowtie2, bowtie1, snpsplit, kat, leehom, adapterRemoval, clipandmerge, cutadapt, flexbar, kaiju, kraken, malt, trimmomatic, sickle, skewer, sortmerna, biobloomtools, fastq_screen, afterqc, fastp, fastqc, pycoqc, minionqc, multivcfanalyzer, clusterflow, bcl2fastq, interop, ivar, flash, seqyclean
[2021-10-25 21:02:25,181] multiqc                                            [DEBUG  ]  Using temporary directory for creating report: /tmp/tmpqc6_qgcl
[2021-10-25 21:02:25,200] multiqc                                            [DEBUG  ]  File ignored by hicexplorer because it exceeded search pattern filesize limit: sub1_fastqc.html
[2021-10-25 21:02:25,201] multiqc                                            [DEBUG  ]  File ignored by longranger/invocation because it exceeded search pattern filesize limit: sub1_fastqc.html
[2021-10-25 21:02:25,201] multiqc                                            [DEBUG  ]  File ignored by rockhopper because it exceeded search pattern filesize limit: sub1_fastqc.html
[2021-10-25 21:02:25,201] multiqc                                            [DEBUG  ]  File ignored by rseqc/bam_stat because it exceeded search pattern filesize limit: sub1_fastqc.html
[2021-10-25 21:02:25,201] multiqc                                            [DEBUG  ]  File ignored by rseqc/junction_annotation because it exceeded search pattern filesize limit: sub1_fastqc.html
[2021-10-25 21:02:25,201] multiqc                                            [DEBUG  ]  File ignored by rseqc/read_distribution because it exceeded search pattern filesize limit: sub1_fastqc.html
[2021-10-25 21:02:25,201] multiqc                                            [DEBUG  ]  File ignored by rseqc/infer_experiment because it exceeded search pattern filesize limit: sub1_fastqc.html
[2021-10-25 21:02:25,264] multiqc                                            [DEBUG  ]  File ignored by hicexplorer because it exceeded search pattern filesize limit: matep1_fastqc.html
[2021-10-25 21:02:25,265] multiqc                                            [DEBUG  ]  File ignored by longranger/invocation because it exceeded search pattern filesize limit: matep1_fastqc.html
[2021-10-25 21:02:25,265] multiqc                                            [DEBUG  ]  File ignored by rockhopper because it exceeded search pattern filesize limit: matep1_fastqc.html
[2021-10-25 21:02:25,265] multiqc                                            [DEBUG  ]  File ignored by rseqc/bam_stat because it exceeded search pattern filesize limit: matep1_fastqc.html
[2021-10-25 21:02:25,265] multiqc                                            [DEBUG  ]  File ignored by rseqc/junction_annotation because it exceeded search pattern filesize limit: matep1_fastqc.html
[2021-10-25 21:02:25,265] multiqc                                            [DEBUG  ]  File ignored by rseqc/read_distribution because it exceeded search pattern filesize limit: matep1_fastqc.html
[2021-10-25 21:02:25,265] multiqc                                            [DEBUG  ]  File ignored by rseqc/infer_experiment because it exceeded search pattern filesize limit: matep1_fastqc.html
[2021-10-25 21:02:25,314] multiqc                                            [DEBUG  ]  File ignored by hicexplorer because it exceeded search pattern filesize limit: matep2_fastqc.html
[2021-10-25 21:02:25,314] multiqc                                            [DEBUG  ]  File ignored by longranger/invocation because it exceeded search pattern filesize limit: matep2_fastqc.html
[2021-10-25 21:02:25,314] multiqc                                            [DEBUG  ]  File ignored by rockhopper because it exceeded search pattern filesize limit: matep2_fastqc.html
[2021-10-25 21:02:25,314] multiqc                                            [DEBUG  ]  File ignored by rseqc/bam_stat because it exceeded search pattern filesize limit: matep2_fastqc.html
[2021-10-25 21:02:25,314] multiqc                                            [DEBUG  ]  File ignored by rseqc/junction_annotation because it exceeded search pattern filesize limit: matep2_fastqc.html
[2021-10-25 21:02:25,315] multiqc                                            [DEBUG  ]  File ignored by rseqc/read_distribution because it exceeded search pattern filesize limit: matep2_fastqc.html
[2021-10-25 21:02:25,315] multiqc                                            [DEBUG  ]  File ignored by rseqc/infer_experiment because it exceeded search pattern filesize limit: matep2_fastqc.html
[2021-10-25 21:02:25,361] multiqc                                            [DEBUG  ]  File ignored by hicexplorer because it exceeded search pattern filesize limit: sub2_fastqc.html
[2021-10-25 21:02:25,362] multiqc                                            [DEBUG  ]  File ignored by longranger/invocation because it exceeded search pattern filesize limit: sub2_fastqc.html
[2021-10-25 21:02:25,362] multiqc                                            [DEBUG  ]  File ignored by rockhopper because it exceeded search pattern filesize limit: sub2_fastqc.html
[2021-10-25 21:02:25,362] multiqc                                            [DEBUG  ]  File ignored by rseqc/bam_stat because it exceeded search pattern filesize limit: sub2_fastqc.html
[2021-10-25 21:02:25,362] multiqc                                            [DEBUG  ]  File ignored by rseqc/junction_annotation because it exceeded search pattern filesize limit: sub2_fastqc.html
[2021-10-25 21:02:25,362] multiqc                                            [DEBUG  ]  File ignored by rseqc/read_distribution because it exceeded search pattern filesize limit: sub2_fastqc.html
[2021-10-25 21:02:25,362] multiqc                                            [DEBUG  ]  File ignored by rseqc/infer_experiment because it exceeded search pattern filesize limit: sub2_fastqc.html
[2021-10-25 21:02:25,543] multiqc.plots.bargraph                             [DEBUG  ]  Using matplotlib version 3.3.3
[2021-10-25 21:02:25,543] multiqc.plots.linegraph                            [DEBUG  ]  Using matplotlib version 3.3.3
[2021-10-25 21:02:25,543] multiqc                                            [DEBUG  ]  No samples found: custom_content
[2021-10-25 21:02:25,546] multiqc                                            [DEBUG  ]  No samples found: conpair
[2021-10-25 21:02:25,548] multiqc                                            [DEBUG  ]  No samples found: peddy
[2021-10-25 21:02:25,550] multiqc                                            [DEBUG  ]  No samples found: somalier
[2021-10-25 21:02:25,552] multiqc                                            [DEBUG  ]  No samples found: methylQA
[2021-10-25 21:02:25,554] multiqc                                            [DEBUG  ]  No samples found: mosdepth
[2021-10-25 21:02:25,556] multiqc                                            [DEBUG  ]  No samples found: phantompeakqualtools
[2021-10-25 21:02:25,558] multiqc                                            [DEBUG  ]  No samples found: qualimap
[2021-10-25 21:02:25,560] multiqc                                            [DEBUG  ]  No samples found: preseq
[2021-10-25 21:02:25,562] multiqc                                            [DEBUG  ]  No samples found: quast
[2021-10-25 21:02:25,564] multiqc                                            [DEBUG  ]  No samples found: qorts
[2021-10-25 21:02:25,566] multiqc                                            [DEBUG  ]  No samples found: rna_seqc
[2021-10-25 21:02:25,568] multiqc                                            [DEBUG  ]  No samples found: rockhopper
[2021-10-25 21:02:25,570] multiqc                                            [DEBUG  ]  No samples found: rsem
[2021-10-25 21:02:25,573] multiqc                                            [DEBUG  ]  No samples found: rseqc
[2021-10-25 21:02:25,575] multiqc                                            [DEBUG  ]  No samples found: busco
[2021-10-25 21:02:25,577] multiqc                                            [DEBUG  ]  No samples found: goleft_indexcov
[2021-10-25 21:02:25,579] multiqc                                            [DEBUG  ]  No samples found: disambiguate
[2021-10-25 21:02:25,581] multiqc                                            [DEBUG  ]  No samples found: supernova
[2021-10-25 21:02:25,585] multiqc                                            [DEBUG  ]  No samples found: deeptools
[2021-10-25 21:02:25,587] multiqc                                            [DEBUG  ]  No samples found: sargasso
[2021-10-25 21:02:25,589] multiqc                                            [DEBUG  ]  No samples found: verifybamid
[2021-10-25 21:02:25,591] multiqc                                            [DEBUG  ]  No samples found: mirtrace
[2021-10-25 21:02:25,593] multiqc                                            [DEBUG  ]  No samples found: happy
[2021-10-25 21:02:25,595] multiqc                                            [DEBUG  ]  No samples found: mirtop
[2021-10-25 21:02:25,597] multiqc                                            [DEBUG  ]  No samples found: homer
[2021-10-25 21:02:25,599] multiqc                                            [DEBUG  ]  No samples found: hops
[2021-10-25 21:02:25,601] multiqc                                            [DEBUG  ]  No samples found: macs2
[2021-10-25 21:02:25,603] multiqc                                            [DEBUG  ]  No samples found: theta2
[2021-10-25 21:02:25,605] multiqc                                            [DEBUG  ]  No samples found: snpeff
[2021-10-25 21:02:25,608] multiqc                                            [DEBUG  ]  No samples found: gatk
[2021-10-25 21:02:25,610] multiqc                                            [DEBUG  ]  No samples found: htseq
[2021-10-25 21:02:25,612] multiqc                                            [DEBUG  ]  No samples found: bcftools
[2021-10-25 21:02:25,614] multiqc                                            [DEBUG  ]  No samples found: featureCounts
[2021-10-25 21:02:25,616] multiqc                                            [DEBUG  ]  No samples found: fgbio
[2021-10-25 21:02:25,620] multiqc                                            [DEBUG  ]  No samples found: dragen
[2021-10-25 21:02:25,622] multiqc                                            [DEBUG  ]  No samples found: dedup
[2021-10-25 21:02:25,624] multiqc                                            [DEBUG  ]  No samples found: damageprofiler
[2021-10-25 21:02:25,628] multiqc                                            [DEBUG  ]  No samples found: biobambam2
[2021-10-25 21:02:25,630] multiqc                                            [DEBUG  ]  No samples found: mtnucratio
[2021-10-25 21:02:25,632] multiqc                                            [DEBUG  ]  No samples found: picard
[2021-10-25 21:02:25,634] multiqc                                            [DEBUG  ]  No samples found: prokka
[2021-10-25 21:02:25,636] multiqc                                            [DEBUG  ]  No samples found: samblaster
[2021-10-25 21:02:25,638] multiqc                                            [DEBUG  ]  No samples found: samtools
[2021-10-25 21:02:25,641] multiqc                                            [DEBUG  ]  No samples found: sexdeterrmine
[2021-10-25 21:02:25,643] multiqc                                            [DEBUG  ]  No samples found: bamtools
[2021-10-25 21:02:25,645] multiqc                                            [DEBUG  ]  No samples found: jellyfish
[2021-10-25 21:02:25,647] multiqc                                            [DEBUG  ]  No samples found: vcftools
[2021-10-25 21:02:25,649] multiqc                                            [DEBUG  ]  No samples found: longranger
[2021-10-25 21:02:25,651] multiqc                                            [DEBUG  ]  No samples found: stacks
[2021-10-25 21:02:25,653] multiqc                                            [DEBUG  ]  No samples found: varscan2
[2021-10-25 21:02:25,656] multiqc                                            [DEBUG  ]  No samples found: bbmap
[2021-10-25 21:02:25,658] multiqc                                            [DEBUG  ]  No samples found: bismark
[2021-10-25 21:02:25,661] multiqc                                            [DEBUG  ]  No samples found: biscuit
[2021-10-25 21:02:25,663] multiqc                                            [DEBUG  ]  No samples found: hicexplorer
[2021-10-25 21:02:25,665] multiqc                                            [DEBUG  ]  No samples found: pairtools
[2021-10-25 21:02:25,667] multiqc                                            [DEBUG  ]  No samples found: hicup
[2021-10-25 21:02:25,669] multiqc                                            [DEBUG  ]  No samples found: hicpro
[2021-10-25 21:02:25,671] multiqc                                            [DEBUG  ]  No samples found: salmon
[2021-10-25 21:02:25,673] multiqc                                            [DEBUG  ]  No samples found: kallisto
[2021-10-25 21:02:25,675] multiqc                                            [DEBUG  ]  No samples found: slamdunk
[2021-10-25 21:02:25,677] multiqc                                            [DEBUG  ]  No samples found: star
[2021-10-25 21:02:25,679] multiqc                                            [DEBUG  ]  No samples found: hisat2
[2021-10-25 21:02:25,681] multiqc                                            [DEBUG  ]  No samples found: tophat
[2021-10-25 21:02:25,683] multiqc                                            [DEBUG  ]  No samples found: bowtie2
[2021-10-25 21:02:25,685] multiqc                                            [DEBUG  ]  No samples found: bowtie1
[2021-10-25 21:02:25,687] multiqc                                            [DEBUG  ]  No samples found: snpsplit
[2021-10-25 21:02:25,689] multiqc                                            [DEBUG  ]  No samples found: kat
[2021-10-25 21:02:25,691] multiqc                                            [DEBUG  ]  No samples found: leehom
[2021-10-25 21:02:25,693] multiqc                                            [DEBUG  ]  No samples found: adapterRemoval
[2021-10-25 21:02:25,695] multiqc                                            [DEBUG  ]  No samples found: clipandmerge
[2021-10-25 21:02:25,697] multiqc                                            [DEBUG  ]  No samples found: cutadapt
[2021-10-25 21:02:25,699] multiqc                                            [DEBUG  ]  No samples found: flexbar
[2021-10-25 21:02:25,701] multiqc                                            [DEBUG  ]  No samples found: kaiju
[2021-10-25 21:02:25,703] multiqc                                            [DEBUG  ]  No samples found: kraken
[2021-10-25 21:02:25,705] multiqc                                            [DEBUG  ]  No samples found: malt
[2021-10-25 21:02:25,707] multiqc                                            [DEBUG  ]  No samples found: trimmomatic
[2021-10-25 21:02:25,709] multiqc                                            [DEBUG  ]  No samples found: sickle
[2021-10-25 21:02:25,711] multiqc                                            [DEBUG  ]  No samples found: skewer
[2021-10-25 21:02:25,713] multiqc                                            [DEBUG  ]  No samples found: sortmerna
[2021-10-25 21:02:25,715] multiqc                                            [DEBUG  ]  No samples found: biobloomtools
[2021-10-25 21:02:25,717] multiqc                                            [DEBUG  ]  No samples found: fastq_screen
[2021-10-25 21:02:25,719] multiqc                                            [DEBUG  ]  No samples found: afterqc
[2021-10-25 21:02:25,722] multiqc                                            [DEBUG  ]  No samples found: fastp
[2021-10-25 21:02:25,745] multiqc.modules.fastqc.fastqc                      [INFO   ]  Found 4 reports
[2021-10-25 21:02:25,787] multiqc                                            [DEBUG  ]  No samples found: pycoqc
[2021-10-25 21:02:25,789] multiqc                                            [DEBUG  ]  No samples found: minionqc
[2021-10-25 21:02:25,791] multiqc                                            [DEBUG  ]  No samples found: multivcfanalyzer
[2021-10-25 21:02:25,793] multiqc                                            [DEBUG  ]  No samples found: clusterflow
[2021-10-25 21:02:25,796] multiqc                                            [DEBUG  ]  No samples found: bcl2fastq
[2021-10-25 21:02:25,798] multiqc                                            [DEBUG  ]  No samples found: interop
[2021-10-25 21:02:25,800] multiqc                                            [DEBUG  ]  No samples found: ivar
[2021-10-25 21:02:25,802] multiqc                                            [DEBUG  ]  No samples found: flash
[2021-10-25 21:02:25,804] multiqc                                            [DEBUG  ]  No samples found: seqyclean
[2021-10-25 21:02:25,808] multiqc                                            [INFO   ]  Compressing plot data
[2021-10-25 21:02:25,845] multiqc                                            [INFO   ]  Report      : multiqc/multiqc_report.html
[2021-10-25 21:02:25,845] multiqc                                            [INFO   ]  Data        : multiqc/multiqc_data
[2021-10-25 21:02:25,845] multiqc                                            [DEBUG  ]  Moving data file from '/tmp/tmpqc6_qgcl/multiqc_data' to 'multiqc/multiqc_data'
[2021-10-25 21:02:25,898] multiqc                                            [INFO   ]  MultiQC complete
